CREATE TABLE "django_migrations" ("id" integer NOT NULL PRIMARY KEY AUTOINCREMENT, "app" varchar(255) NOT NULL, "name" varchar(255) NOT NULL, "applied" datetime NOT NULL); (params None)
CREATE TABLE "django_content_type" ("id" integer NOT NULL PRIMARY KEY AUTOINCREMENT, "name" varchar(100) NOT NULL, "app_label" varchar(100) NOT NULL, "model" varchar(100) NOT NULL); (params None)
CREATE UNIQUE INDEX "django_content_type_app_label_model_76bd3d3b_uniq" ON "django_content_type" ("app_label", "model"); (params ())
CREATE TABLE "new__django_content_type" ("id" integer NOT NULL PRIMARY KEY AUTOINCREMENT, "app_label" varchar(100) NOT NULL, "model" varchar(100) NOT NULL, "name" varchar(100) NULL); (params None)
INSERT INTO "new__django_content_type" ("id", "app_label", "model", "name") SELECT "id", "app_label", "model", "name" FROM "django_content_type"; (params ())
DROP TABLE "django_content_type"; (params ())
ALTER TABLE "new__django_content_type" RENAME TO "django_content_type"; (params ())
CREATE UNIQUE INDEX "django_content_type_app_label_model_76bd3d3b_uniq" ON "django_content_type" ("app_label", "model"); (params ())
ALTER TABLE "django_content_type" DROP COLUMN "name"; (params ())
CREATE TABLE "auth_permission" ("id" integer NOT NULL PRIMARY KEY AUTOINCREMENT, "name" varchar(50) NOT NULL, "content_type_id" integer NOT NULL REFERENCES "django_content_type" ("id") DEFERRABLE INITIALLY DEFERRED, "codename" varchar(100) NOT NULL); (params None)
CREATE TABLE "auth_group" ("id" integer NOT NULL PRIMARY KEY AUTOINCREMENT, "name" varchar(80) NOT NULL UNIQUE); (params None)
CREATE TABLE "auth_group_permissions" ("id" integer NOT NULL PRIMARY KEY AUTOINCREMENT, "group_id" integer NOT NULL REFERENCES "auth_group" ("id") DEFERRABLE INITIALLY DEFERRED, "permission_id" integer NOT NULL REFERENCES "auth_permission" ("id") DEFERRABLE INITIALLY DEFERRED); (params None)
CREATE UNIQUE INDEX "auth_permission_content_type_id_codename_01ab375a_uniq" ON "auth_permission" ("content_type_id", "codename"); (params None)
CREATE INDEX "auth_permission_content_type_id_2f476e4b" ON "auth_permission" ("content_type_id"); (params None)
CREATE UNIQUE INDEX "auth_group_permissions_group_id_permission_id_0cd325b0_uniq" ON "auth_group_permissions" ("group_id", "permission_id"); (params None)
CREATE INDEX "auth_group_permissions_group_id_b120cbf9" ON "auth_group_permissions" ("group_id"); (params None)
CREATE INDEX "auth_group_permissions_permission_id_84c5c92e" ON "auth_group_permissions" ("permission_id"); (params None)
CREATE TABLE "new__auth_permission" ("id" integer NOT NULL PRIMARY KEY AUTOINCREMENT, "content_type_id" integer NOT NULL REFERENCES "django_content_type" ("id") DEFERRABLE INITIALLY DEFERRED, "codename" varchar(100) NOT NULL, "name" varchar(255) NOT NULL); (params None)
INSERT INTO "new__auth_permission" ("id", "content_type_id", "codename", "name") SELECT "id", "content_type_id", "codename", "name" FROM "auth_permission"; (params ())
DROP TABLE "auth_permission"; (params ())
ALTER TABLE "new__auth_permission" RENAME TO "auth_permission"; (params ())
CREATE UNIQUE INDEX "auth_permission_content_type_id_codename_01ab375a_uniq" ON "auth_permission" ("content_type_id", "codename"); (params ())
CREATE INDEX "auth_permission_content_type_id_2f476e4b" ON "auth_permission" ("content_type_id"); (params ())
CREATE TABLE "new__auth_group" ("id" integer NOT NULL PRIMARY KEY AUTOINCREMENT, "name" varchar(150) NOT NULL UNIQUE); (params None)
INSERT INTO "new__auth_group" ("id", "name") SELECT "id", "name" FROM "auth_group"; (params ())
DROP TABLE "auth_group"; (params ())
ALTER TABLE "new__auth_group" RENAME TO "auth_group"; (params ())
CREATE TABLE "api_assignmenttype" ("id" integer NOT NULL PRIMARY KEY AUTOINCREMENT, "type_name" varchar(50) NOT NULL); (params None)
CREATE TABLE "api_class" ("id" integer NOT NULL PRIMARY KEY AUTOINCREMENT, "class_name" varchar(100) NOT NULL); (params None)
CREATE TABLE "api_event" ("id" integer NOT NULL PRIMARY KEY AUTOINCREMENT, "event_name" varchar(255) NOT NULL, "event_description" text NOT NULL, "event_date" date NOT NULL, "event_fee" decimal NOT NULL, "created_at" datetime NOT NULL); (params None)
CREATE TABLE "api_student" ("id" integer NOT NULL PRIMARY KEY AUTOINCREMENT, "student_name" varchar(100) NOT NULL, "student_grade" varchar(5) NOT NULL); (params None)
CREATE TABLE "api_user" ("id" integer NOT NULL PRIMARY KEY AUTOINCREMENT, "last_login" datetime NULL, "is_superuser" bool NOT NULL, "email" varchar(254) NOT NULL UNIQUE, "password" varchar(255) NOT NULL, "userType" varchar(10) NOT NULL, "is_active" bool NOT NULL, "is_staff" bool NOT NULL); (params None)
CREATE TABLE "api_user_groups" ("id" integer NOT NULL PRIMARY KEY AUTOINCREMENT, "user_id" bigint NOT NULL REFERENCES "api_user" ("id") DEFERRABLE INITIALLY DEFERRED, "group_id" integer NOT NULL REFERENCES "auth_group" ("id") DEFERRABLE INITIALLY DEFERRED); (params None)
CREATE TABLE "api_user_user_permissions" ("id" integer NOT NULL PRIMARY KEY AUTOINCREMENT, "user_id" bigint NOT NULL REFERENCES "api_user" ("id") DEFERRABLE INITIALLY DEFERRED, "permission_id" integer NOT NULL REFERENCES "auth_permission" ("id") DEFERRABLE INITIALLY DEFERRED); (params None)
CREATE TABLE "api_assignment" ("id" integer NOT NULL PRIMARY KEY AUTOINCREMENT, "assignment_name" varchar(255) NOT NULL, "due_date" date NOT NULL, "type_id" bigint NOT NULL REFERENCES "api_assignmenttype" ("id") DEFERRABLE INITIALLY DEFERRED, "class_obj_id" bigint NOT NULL REFERENCES "api_class" ("id") DEFERRABLE INITIALLY DEFERRED); (params None)
CREATE TABLE "api_eventform" ("id" integer NOT NULL PRIMARY KEY AUTOINCREMENT, "form_name" varchar(255) NOT NULL, "form_description" text NOT NULL, "form_content" text NOT NULL, "created_at" datetime NOT NULL, "event_id" bigint NOT NULL REFERENCES "api_event" ("id") DEFERRABLE INITIALLY DEFERRED); (params None)
CREATE TABLE "api_parent" ("id" integer NOT NULL PRIMARY KEY AUTOINCREMENT, "parent_name" varchar(100) NOT NULL, "user_id" bigint NOT NULL UNIQUE REFERENCES "api_user" ("id") DEFERRABLE INITIALLY DEFERRED); (params None)
CREATE TABLE "api_grade" ("id" integer NOT NULL PRIMARY KEY AUTOINCREMENT, "grade" decimal NOT NULL, "feedback" text NOT NULL, "assignment_id" bigint NOT NULL REFERENCES "api_assignment" ("id") DEFERRABLE INITIALLY DEFERRED, "student_id" bigint NOT NULL REFERENCES "api_student" ("id") DEFERRABLE INITIALLY DEFERRED); (params None)
CREATE TABLE "api_formsignature" ("id" integer NOT NULL PRIMARY KEY AUTOINCREMENT, "signature" text NOT NULL, "signed_at" datetime NOT NULL, "form_id" bigint NOT NULL REFERENCES "api_eventform" ("id") DEFERRABLE INITIALLY DEFERRED, "parent_id" bigint NOT NULL REFERENCES "api_parent" ("id") DEFERRABLE INITIALLY DEFERRED, "student_id" bigint NOT NULL REFERENCES "api_student" ("id") DEFERRABLE INITIALLY DEFERRED); (params None)
CREATE TABLE "api_eventregistration" ("id" integer NOT NULL PRIMARY KEY AUTOINCREMENT, "registration_date" datetime NOT NULL, "event_id" bigint NOT NULL REFERENCES "api_event" ("id") DEFERRABLE INITIALLY DEFERRED, "parent_id" bigint NOT NULL REFERENCES "api_parent" ("id") DEFERRABLE INITIALLY DEFERRED, "student_id" bigint NOT NULL REFERENCES "api_student" ("id") DEFERRABLE INITIALLY DEFERRED); (params None)
CREATE TABLE "api_eventpayment" ("id" integer NOT NULL PRIMARY KEY AUTOINCREMENT, "amount_paid" decimal NOT NULL, "payment_date" datetime NOT NULL, "payment_status" varchar(10) NOT NULL, "event_id" bigint NOT NULL REFERENCES "api_event" ("id") DEFERRABLE INITIALLY DEFERRED, "parent_id" bigint NOT NULL REFERENCES "api_parent" ("id") DEFERRABLE INITIALLY DEFERRED, "student_id" bigint NOT NULL REFERENCES "api_student" ("id") DEFERRABLE INITIALLY DEFERRED); (params None)
CREATE TABLE "api_teacher" ("id" integer NOT NULL PRIMARY KEY AUTOINCREMENT, "teacher_name" varchar(100) NOT NULL, "user_id" bigint NOT NULL UNIQUE REFERENCES "api_user" ("id") DEFERRABLE INITIALLY DEFERRED); (params None)
CREATE TABLE "new__api_class" ("id" integer NOT NULL PRIMARY KEY AUTOINCREMENT, "class_name" varchar(100) NOT NULL, "teacher_id" bigint NOT NULL REFERENCES "api_teacher" ("id") DEFERRABLE INITIALLY DEFERRED); (params None)
INSERT INTO "new__api_class" ("id", "class_name", "teacher_id") SELECT "id", "class_name", NULL FROM "api_class"; (params ())
DROP TABLE "api_class"; (params ())
ALTER TABLE "new__api_class" RENAME TO "api_class"; (params ())
CREATE UNIQUE INDEX "api_user_groups_user_id_group_id_9c7ddfb5_uniq" ON "api_user_groups" ("user_id", "group_id"); (params ())
CREATE INDEX "api_user_groups_user_id_a5ff39fa" ON "api_user_groups" ("user_id"); (params ())
CREATE INDEX "api_user_groups_group_id_3af85785" ON "api_user_groups" ("group_id"); (params ())
CREATE UNIQUE INDEX "api_user_user_permissions_user_id_permission_id_a06dd704_uniq" ON "api_user_user_permissions" ("user_id", "permission_id"); (params ())
CREATE INDEX "api_user_user_permissions_user_id_f3945d65" ON "api_user_user_permissions" ("user_id"); (params ())
CREATE INDEX "api_user_user_permissions_permission_id_305b7fea" ON "api_user_user_permissions" ("permission_id"); (params ())
CREATE INDEX "api_assignment_type_id_dfbebfce" ON "api_assignment" ("type_id"); (params ())
CREATE INDEX "api_assignment_class_obj_id_a1121760" ON "api_assignment" ("class_obj_id"); (params ())
CREATE INDEX "api_eventform_event_id_89ff37d5" ON "api_eventform" ("event_id"); (params ())
CREATE INDEX "api_grade_assignment_id_391fc767" ON "api_grade" ("assignment_id"); (params ())
CREATE INDEX "api_grade_student_id_83a2fc66" ON "api_grade" ("student_id"); (params ())
CREATE INDEX "api_formsignature_form_id_d2e54195" ON "api_formsignature" ("form_id"); (params ())
CREATE INDEX "api_formsignature_parent_id_901cd974" ON "api_formsignature" ("parent_id"); (params ())
CREATE INDEX "api_formsignature_student_id_fd37f73d" ON "api_formsignature" ("student_id"); (params ())
CREATE INDEX "api_eventregistration_event_id_957ba470" ON "api_eventregistration" ("event_id"); (params ())
CREATE INDEX "api_eventregistration_parent_id_9ab73289" ON "api_eventregistration" ("parent_id"); (params ())
CREATE INDEX "api_eventregistration_student_id_0595c1f9" ON "api_eventregistration" ("student_id"); (params ())
CREATE INDEX "api_eventpayment_event_id_dbac9abf" ON "api_eventpayment" ("event_id"); (params ())
CREATE INDEX "api_eventpayment_parent_id_6cae0ebc" ON "api_eventpayment" ("parent_id"); (params ())
CREATE INDEX "api_eventpayment_student_id_dcdaccd0" ON "api_eventpayment" ("student_id"); (params ())
CREATE INDEX "api_class_teacher_id_52fe7cdf" ON "api_class" ("teacher_id"); (params ())
CREATE TABLE "api_parentstudent" ("id" integer NOT NULL PRIMARY KEY AUTOINCREMENT, "parent_id" bigint NOT NULL REFERENCES "api_parent" ("id") DEFERRABLE INITIALLY DEFERRED, "student_id" bigint NOT NULL REFERENCES "api_student" ("id") DEFERRABLE INITIALLY DEFERRED); (params None)
CREATE TABLE "api_classstudent" ("id" integer NOT NULL PRIMARY KEY AUTOINCREMENT, "class_obj_id" bigint NOT NULL REFERENCES "api_class" ("id") DEFERRABLE INITIALLY DEFERRED, "student_id" bigint NOT NULL REFERENCES "api_student" ("id") DEFERRABLE INITIALLY DEFERRED); (params None)
CREATE UNIQUE INDEX "api_parentstudent_parent_id_student_id_a7474e75_uniq" ON "api_parentstudent" ("parent_id", "student_id"); (params None)
CREATE INDEX "api_parentstudent_parent_id_636412bd" ON "api_parentstudent" ("parent_id"); (params None)
CREATE INDEX "api_parentstudent_student_id_c5f5381d" ON "api_parentstudent" ("student_id"); (params None)
CREATE UNIQUE INDEX "api_classstudent_class_obj_id_student_id_0d4cb4ca_uniq" ON "api_classstudent" ("class_obj_id", "student_id"); (params None)
CREATE INDEX "api_classstudent_class_obj_id_f3f9626e" ON "api_classstudent" ("class_obj_id"); (params None)
CREATE INDEX "api_classstudent_student_id_94edf6e3" ON "api_classstudent" ("student_id"); (params None)
CREATE TABLE "django_admin_log" ("id" integer NOT NULL PRIMARY KEY AUTOINCREMENT, "action_time" datetime NOT NULL, "object_id" text NULL, "object_repr" varchar(200) NOT NULL, "action_flag" smallint unsigned NOT NULL CHECK ("action_flag" >= 0), "change_message" text NOT NULL, "content_type_id" integer NULL REFERENCES "django_content_type" ("id") DEFERRABLE INITIALLY DEFERRED, "user_id" bigint NOT NULL REFERENCES "api_user" ("id") DEFERRABLE INITIALLY DEFERRED); (params None)
CREATE INDEX "django_admin_log_content_type_id_c4bce8eb" ON "django_admin_log" ("content_type_id"); (params None)
CREATE INDEX "django_admin_log_user_id_c564eba6" ON "django_admin_log" ("user_id"); (params None)
CREATE TABLE "new__django_admin_log" ("id" integer NOT NULL PRIMARY KEY AUTOINCREMENT, "object_id" text NULL, "object_repr" varchar(200) NOT NULL, "action_flag" smallint unsigned NOT NULL CHECK ("action_flag" >= 0), "change_message" text NOT NULL, "content_type_id" integer NULL REFERENCES "django_content_type" ("id") DEFERRABLE INITIALLY DEFERRED, "user_id" bigint NOT NULL REFERENCES "api_user" ("id") DEFERRABLE INITIALLY DEFERRED, "action_time" datetime NOT NULL); (params None)
INSERT INTO "new__django_admin_log" ("id", "object_id", "object_repr", "action_flag", "change_message", "content_type_id", "user_id", "action_time") SELECT "id", "object_id", "object_repr", "action_flag", "change_message", "content_type_id", "user_id", "action_time" FROM "django_admin_log"; (params ())
DROP TABLE "django_admin_log"; (params ())
ALTER TABLE "new__django_admin_log" RENAME TO "django_admin_log"; (params ())
CREATE INDEX "django_admin_log_content_type_id_c4bce8eb" ON "django_admin_log" ("content_type_id"); (params ())
CREATE INDEX "django_admin_log_user_id_c564eba6" ON "django_admin_log" ("user_id"); (params ())
CREATE TABLE "refresh_token_refreshtoken" ("id" integer NOT NULL PRIMARY KEY AUTOINCREMENT, "token" varchar(255) NOT NULL, "created" datetime NOT NULL, "revoked" datetime NULL, "user_id" bigint NOT NULL REFERENCES "api_user" ("id") DEFERRABLE INITIALLY DEFERRED); (params None)
CREATE UNIQUE INDEX "refresh_token_refreshtoken_token_revoked_b683a545_uniq" ON "refresh_token_refreshtoken" ("token", "revoked"); (params ())
CREATE INDEX "refresh_token_refreshtoken_user_id_45383307" ON "refresh_token_refreshtoken" ("user_id"); (params None)
CREATE TABLE "django_session" ("session_key" varchar(40) NOT NULL PRIMARY KEY, "session_data" text NOT NULL, "expire_date" datetime NOT NULL); (params None)
CREATE INDEX "django_session_expire_date_a5c62663" ON "django_session" ("expire_date"); (params None)
